[MAIN] loadURL: file:///Users/Saveliy/Downloads/mars-onepager-%D0%B0final/out/index.html
[15634:1023/043048.358709:WARNING:runtime_features.cc(730)] AttributionReportingCrossAppWeb cannot be enabled in this configuration. Use --enable-features=ConversionMeasurement,AttributionReportingCrossAppWeb in addition.
[15635:1023/043048.360065:WARNING:runtime_features.cc(730)] AttributionReportingCrossAppWeb cannot be enabled in this configuration. Use --enable-features=ConversionMeasurement,AttributionReportingCrossAppWeb in addition.
[15621:1023/043048.478892:INFO:CONSOLE(3)] "[PRELOAD] ready", source:  (3)
[15621:1023/043048.478985:INFO:CONSOLE(8)] "[PRELOAD] ready", source:  (8)
[15621:1023/043048.495436:INFO:CONSOLE(1)] "A preload for 'file:///_next/static/media/028c0d39d2e8f589-s.p.woff2' is found, but is not used because the request credentials mode does not match. Consider taking a look at crossorigin attribute.", source: file:///Users/Saveliy/Downloads/mars-onepager-%D0%B0final/out/index.html (1)
[15621:1023/043048.495461:INFO:CONSOLE(1)] "A preload for 'file:///_next/static/media/5b01f339abf2f1a5.p.woff2' is found, but is not used because the request credentials mode does not match. Consider taking a look at crossorigin attribute.", source: file:///Users/Saveliy/Downloads/mars-onepager-%D0%B0final/out/index.html (1)
[15621:1023/043048.529624:INFO:CONSOLE(2)] "%cElectron Security Warning (Insecure Content-Security-Policy) font-weight: bold; This renderer process has either no Content Security
  Policy set or a policy with "unsafe-eval" enabled. This exposes users of
  this app to unnecessary security risks.

For more information and help, consult
https://electronjs.org/docs/tutorial/security.
This warning will not show up
once the app is packaged.", source: node:electron/js2c/sandbox_bundle (2)
[15621:1023/043052.280907:WARNING:CONSOLE(2)] "%cElectron Security Warning (Insecure Content-Security-Policy) font-weight: bold; This renderer process has either no Content Security
  Policy set or a policy with "unsafe-eval" enabled. This exposes users of
  this app to unnecessary security risks.

For more information and help, consult
https://electronjs.org/docs/tutorial/security.
This warning will not show up
once the app is packaged.", source: node:electron/js2c/sandbox_bundle (2)
[15621:1023/043052.287688:WARNING:CONSOLE(1)] "Unable to fetch & register locale data for 'ru', falling back to 'en-US'. Cause:  TypeError: Failed to fetch", source: devtools://devtools/bundled/entrypoints/main/main.js (1)
[15621:1023/043052.318209:INFO:CONSOLE(0)] "The resource file:///_next/static/media/5b01f339abf2f1a5.p.woff2 was preloaded using link preload but not used within a few seconds from the window's load event. Please make sure it has an appropriate `as` value and it is preloaded intentionally.", source: file:///Users/Saveliy/Downloads/mars-onepager-%D0%B0final/out/index.html (0)
[15621:1023/043052.318249:INFO:CONSOLE(0)] "The resource file:///_next/static/media/028c0d39d2e8f589-s.p.woff2 was preloaded using link preload but not used within a few seconds from the window's load event. Please make sure it has an appropriate `as` value and it is preloaded intentionally.", source: file:///Users/Saveliy/Downloads/mars-onepager-%D0%B0final/out/index.html (0)
[15621:1023/043052.480891:ERROR:CONSOLE(1)] "Request Autofill.enable failed. {"code":-32601,"message":"'Autofill.enable' wasn't found"}", source: devtools://devtools/bundled/core/protocol_client/protocol_client.js (1)
[15621:1023/043055.483498:INFO:CONSOLE(0)] "The resource file:///_next/static/media/5b01f339abf2f1a5.p.woff2 was preloaded using link preload but not used within a few seconds from the window's load event. Please make sure it has an appropriate `as` value and it is preloaded intentionally.", source: file:///Users/Saveliy/Downloads/mars-onepager-%D0%B0final/out/index.html (0)
[15621:1023/043055.483592:INFO:CONSOLE(0)] "The resource file:///_next/static/media/028c0d39d2e8f589-s.p.woff2 was preloaded using link preload but not used within a few seconds from the window's load event. Please make sure it has an appropriate `as` value and it is preloaded intentionally.", source: file:///Users/Saveliy/Downloads/mars-onepager-%D0%B0final/out/index.html (0)
[15621:1023/043055.870477:ERROR:CONSOLE(1)] "Uncaught (in promise) TypeError: Failed to fetch", source: devtools://devtools/bundled/panels/elements/elements.js (1)
[15621:1023/043058.479856:INFO:CONSOLE(1)] "Uncaught Error: prompt() is and will not be supported.", source: file:///_next/static/chunks/fd9d1056-9e191f0896c1d560.js (1)
[15621:1023/043101.498872:INFO:CONSOLE(1)] "Uncaught Error: prompt() is and will not be supported.", source: file:///_next/static/chunks/fd9d1056-9e191f0896c1d560.js (1)
[15621:1023/043102.631000:INFO:CONSOLE(1)] "Uncaught Error: prompt() is and will not be supported.", source: file:///_next/static/chunks/fd9d1056-9e191f0896c1d560.js (1)
[15621:1023/043103.416041:INFO:CONSOLE(1)] "Uncaught Error: prompt() is and will not be supported.", source: file:///_next/static/chunks/fd9d1056-9e191f0896c1d560.js (1)
[15621:1023/043106.047529:INFO:CONSOLE(1)] "Uncaught Error: prompt() is and will not be supported.", source: file:///_next/static/chunks/fd9d1056-9e191f0896c1d560.js (1)
[15621:1023/043107.830220:INFO:CONSOLE(1)] "Uncaught Error: prompt() is and will not be supported.", source: file:///_next/static/chunks/fd9d1056-9e191f0896c1d560.js (1)
[15621:1023/043110.763072:INFO:CONSOLE(1)] "Uncaught Error: prompt() is and will not be supported.", source: file:///_next/static/chunks/fd9d1056-9e191f0896c1d560.js (1)
[15621:1023/043112.045049:INFO:CONSOLE(1)] "Uncaught Error: prompt() is and will not be supported.", source: file:///_next/static/chunks/fd9d1056-9e191f0896c1d560.js (1)
[15621:1023/043113.211884:INFO:CONSOLE(1)] "Uncaught Error: prompt() is and will not be supported.", source: file:///_next/static/chunks/fd9d1056-9e191f0896c1d560.js (1)
[15621:1023/043115.580367:INFO:CONSOLE(1)] "Uncaught Error: prompt() is and will not be supported.", source: file:///_next/static/chunks/fd9d1056-9e191f0896c1d560.js (1)
[15621:1023/043116.964086:INFO:CONSOLE(1)] "Uncaught Error: prompt() is and will not be supported.", source: file:///_next/static/chunks/fd9d1056-9e191f0896c1d560.js (1)
[15621:1023/043117.211716:INFO:CONSOLE(1)] "Uncaught Error: prompt() is and will not be supported.", source: file:///_next/static/chunks/fd9d1056-9e191f0896c1d560.js (1)
[15621:1023/043127.797725:INFO:CONSOLE(1)] "Uncaught Error: prompt() is and will not be supported.", source: file:///_next/static/chunks/fd9d1056-9e191f0896c1d560.js (1)
