  ▲ Next.js 14.2.33

   Creating an optimized production build ...
 ✓ Compiled successfully
   Linting and checking validity of types ...
   Collecting page data ...
   Generating static pages (0/4) ...
   Generating static pages (1/4) 
   Generating static pages (2/4) 
   Generating static pages (3/4) 
 ✓ Generating static pages (4/4)
   Finalizing page optimization ...
   Collecting build traces ...

Route (app)                              Size     First Load JS
┌ ○ /                                    42.2 kB         141 kB
└ ○ /_not-found                          873 B          88.2 kB
+ First Load JS shared by all            87.4 kB
  ├ chunks/117-e5324ff16c06285d.js       31.8 kB
  ├ chunks/fd9d1056-9e191f0896c1d560.js  53.6 kB
  └ other shared chunks (total)          1.91 kB


○  (Static)  prerendered as static content

