[MAIN] loadURL: file:///Users/Saveliy/Downloads/mars-onepager-%D0%B0final/out/index.html
[16795:1023/103503.051538:WARNING:runtime_features.cc(730)] AttributionReportingCrossAppWeb cannot be enabled in this configuration. Use --enable-features=ConversionMeasurement,AttributionReportingCrossAppWeb in addition.
[16796:1023/103503.063109:WARNING:runtime_features.cc(730)] AttributionReportingCrossAppWeb cannot be enabled in this configuration. Use --enable-features=ConversionMeasurement,AttributionReportingCrossAppWeb in addition.
[16792:1023/103503.297394:INFO:CONSOLE(3)] "[PRELOAD] ready", source:  (3)
[16792:1023/103503.297417:INFO:CONSOLE(8)] "[PRELOAD] ready", source:  (8)
[16792:1023/103503.309526:INFO:CONSOLE(1)] "A preload for 'file:///_next/static/media/028c0d39d2e8f589-s.p.woff2' is found, but is not used because the request credentials mode does not match. Consider taking a look at crossorigin attribute.", source: file:///Users/Saveliy/Downloads/mars-onepager-%D0%B0final/out/index.html (1)
[16792:1023/103503.309549:INFO:CONSOLE(1)] "A preload for 'file:///_next/static/media/5b01f339abf2f1a5.p.woff2' is found, but is not used because the request credentials mode does not match. Consider taking a look at crossorigin attribute.", source: file:///Users/Saveliy/Downloads/mars-onepager-%D0%B0final/out/index.html (1)
[16792:1023/103503.343647:INFO:CONSOLE(2)] "%cElectron Security Warning (Insecure Content-Security-Policy) font-weight: bold; This renderer process has either no Content Security
  Policy set or a policy with "unsafe-eval" enabled. This exposes users of
  this app to unnecessary security risks.

For more information and help, consult
https://electronjs.org/docs/tutorial/security.
This warning will not show up
once the app is packaged.", source: node:electron/js2c/sandbox_bundle (2)
[16792:1023/103506.944034:WARNING:CONSOLE(2)] "%cElectron Security Warning (Insecure Content-Security-Policy) font-weight: bold; This renderer process has either no Content Security
  Policy set or a policy with "unsafe-eval" enabled. This exposes users of
  this app to unnecessary security risks.

For more information and help, consult
https://electronjs.org/docs/tutorial/security.
This warning will not show up
once the app is packaged.", source: node:electron/js2c/sandbox_bundle (2)
[16792:1023/103506.950337:WARNING:CONSOLE(1)] "Unable to fetch & register locale data for 'ru', falling back to 'en-US'. Cause:  TypeError: Failed to fetch", source: devtools://devtools/bundled/entrypoints/main/main.js (1)
[16792:1023/103506.987036:INFO:CONSOLE(0)] "The resource file:///_next/static/media/5b01f339abf2f1a5.p.woff2 was preloaded using link preload but not used within a few seconds from the window's load event. Please make sure it has an appropriate `as` value and it is preloaded intentionally.", source: file:///Users/Saveliy/Downloads/mars-onepager-%D0%B0final/out/index.html (0)
[16792:1023/103506.987137:INFO:CONSOLE(0)] "The resource file:///_next/static/media/028c0d39d2e8f589-s.p.woff2 was preloaded using link preload but not used within a few seconds from the window's load event. Please make sure it has an appropriate `as` value and it is preloaded intentionally.", source: file:///Users/Saveliy/Downloads/mars-onepager-%D0%B0final/out/index.html (0)
[16792:1023/103507.135964:ERROR:CONSOLE(1)] "Request Autofill.enable failed. {"code":-32601,"message":"'Autofill.enable' wasn't found"}", source: devtools://devtools/bundled/core/protocol_client/protocol_client.js (1)
[16792:1023/103510.134470:INFO:CONSOLE(0)] "The resource file:///_next/static/media/5b01f339abf2f1a5.p.woff2 was preloaded using link preload but not used within a few seconds from the window's load event. Please make sure it has an appropriate `as` value and it is preloaded intentionally.", source: file:///Users/Saveliy/Downloads/mars-onepager-%D0%B0final/out/index.html (0)
[16792:1023/103510.134543:INFO:CONSOLE(0)] "The resource file:///_next/static/media/028c0d39d2e8f589-s.p.woff2 was preloaded using link preload but not used within a few seconds from the window's load event. Please make sure it has an appropriate `as` value and it is preloaded intentionally.", source: file:///Users/Saveliy/Downloads/mars-onepager-%D0%B0final/out/index.html (0)
[16792:1023/103521.418986:INFO:CONSOLE(1)] "Uncaught Error: prompt() is and will not be supported.", source: file:///_next/static/chunks/fd9d1056-9e191f0896c1d560.js (1)
[16792:1023/103524.818915:INFO:CONSOLE(1)] "Uncaught Error: prompt() is and will not be supported.", source: file:///_next/static/chunks/fd9d1056-9e191f0896c1d560.js (1)
[16792:1023/103526.318744:INFO:CONSOLE(1)] "Uncaught Error: prompt() is and will not be supported.", source: file:///_next/static/chunks/fd9d1056-9e191f0896c1d560.js (1)
[16792:1023/103535.599346:INFO:CONSOLE(1)] "Uncaught Error: prompt() is and will not be supported.", source: file:///_next/static/chunks/fd9d1056-9e191f0896c1d560.js (1)
[16792:1023/103541.868045:INFO:CONSOLE(1)] "Uncaught Error: prompt() is and will not be supported.", source: file:///_next/static/chunks/fd9d1056-9e191f0896c1d560.js (1)
[16792:1023/103543.951079:INFO:CONSOLE(1)] "Uncaught Error: prompt() is and will not be supported.", source: file:///_next/static/chunks/fd9d1056-9e191f0896c1d560.js (1)
[16792:1023/103544.466934:INFO:CONSOLE(1)] "Uncaught Error: prompt() is and will not be supported.", source: file:///_next/static/chunks/fd9d1056-9e191f0896c1d560.js (1)
[16792:1023/103544.650633:INFO:CONSOLE(1)] "Uncaught Error: prompt() is and will not be supported.", source: file:///_next/static/chunks/fd9d1056-9e191f0896c1d560.js (1)
[16792:1023/103729.798840:INFO:CONSOLE(1)] "Uncaught Error: prompt() is and will not be supported.", source: file:///_next/static/chunks/fd9d1056-9e191f0896c1d560.js (1)
[16792:1023/103732.146961:INFO:CONSOLE(1)] "Uncaught Error: prompt() is and will not be supported.", source: file:///_next/static/chunks/fd9d1056-9e191f0896c1d560.js (1)
[16792:1023/103736.446659:INFO:CONSOLE(1)] "Uncaught Error: prompt() is and will not be supported.", source: file:///_next/static/chunks/fd9d1056-9e191f0896c1d560.js (1)
